<?xml version="1.0" encoding="UTF-8"?>
<testng-results ignored="0" total="2" passed="2" failed="0" skipped="0">
  <reporter-output>
  </reporter-output>
  <suite started-at="2023-03-27T19:01:37 IST" name="Parrallel Testing" finished-at="2023-03-27T19:01:44 IST" duration-ms="6965">
    <groups>
    </groups>
    <test started-at="2023-03-27T19:01:37 IST" name="My Test suite" finished-at="2023-03-27T19:01:44 IST" duration-ms="6965">
      <class name="Example">
        <test-method signature="getstring()[pri:0, instance:Example@3a6bb9bf]" started-at="2023-03-27T19:01:37 IST" name="getstring" finished-at="2023-03-27T19:01:42 IST" duration-ms="4543" status="PASS">
          <reporter-output>
          </reporter-output>
        </test-method> <!-- getstring -->
        <test-method signature="getUrl()[pri:0, instance:Example@3a6bb9bf]" started-at="2023-03-27T19:01:37 IST" name="getUrl" finished-at="2023-03-27T19:01:44 IST" duration-ms="6924" status="PASS">
          <reporter-output>
          </reporter-output>
        </test-method> <!-- getUrl -->
      </class> <!-- Example -->
    </test> <!-- My Test suite -->
  </suite> <!-- Parrallel Testing -->
</testng-results>
