<?xml version="1.0" encoding="UTF-8"?>
<testng-results ignored="0" total="2" passed="2" failed="0" skipped="0">
  <reporter-output>
  </reporter-output>
  <suite started-at="2023-04-05T10:28:28 IST" name="Parrallel Testing" finished-at="2023-04-05T10:28:38 IST" duration-ms="9765">
    <groups>
    </groups>
    <test started-at="2023-04-05T10:28:28 IST" name="My Test suite1" finished-at="2023-04-05T10:28:38 IST" duration-ms="9765">
      <class name="Example">
        <test-method signature="teslaLaunch()[pri:0, instance:Example@59af0466]" started-at="2023-04-05T10:28:28 IST" name="teslaLaunch" finished-at="2023-04-05T10:28:38 IST" duration-ms="9728" status="PASS">
          <reporter-output>
          </reporter-output>
        </test-method> <!-- teslaLaunch -->
        <test-method signature="sauceDemoLaunch()[pri:0, instance:Example@59af0466]" started-at="2023-04-05T10:28:28 IST" name="sauceDemoLaunch" finished-at="2023-04-05T10:28:38 IST" duration-ms="9722" status="PASS">
          <reporter-output>
          </reporter-output>
        </test-method> <!-- sauceDemoLaunch -->
      </class> <!-- Example -->
    </test> <!-- My Test suite1 -->
  </suite> <!-- Parrallel Testing -->
</testng-results>
