<?xml version="1.0" encoding="UTF-8"?>
<testng-results ignored="0" total="1" passed="1" failed="0" skipped="0">
  <reporter-output>
  </reporter-output>
  <suite started-at="2023-03-23T12:25:54 IST" name="Default suite" finished-at="2023-03-23T12:25:59 IST" duration-ms="5339">
    <groups>
    </groups>
    <test started-at="2023-03-23T12:25:54 IST" name="Default test" finished-at="2023-03-23T12:25:59 IST" duration-ms="5339">
      <class name="Example">
        <test-method signature="getstring()[pri:0, instance:Example@57cf54e1]" started-at="2023-03-23T12:25:54 IST" name="getstring" finished-at="2023-03-23T12:25:59 IST" duration-ms="5300" status="PASS">
          <reporter-output>
          </reporter-output>
        </test-method> <!-- getstring -->
      </class> <!-- Example -->
    </test> <!-- Default test -->
  </suite> <!-- Default suite -->
</testng-results>
