<?xml version="1.0" encoding="UTF-8"?>
<testng-results ignored="0" total="2" passed="2" failed="0" skipped="0">
  <reporter-output>
  </reporter-output>
  <suite started-at="2023-04-04T19:21:05 IST" name="Parrallel Testing" finished-at="2023-04-04T19:21:11 IST" duration-ms="5699">
    <groups>
    </groups>
    <test started-at="2023-04-04T19:21:05 IST" name="My Test suite1" finished-at="2023-04-04T19:21:11 IST" duration-ms="5699">
      <class name="Example">
        <test-method signature="sauceDemoLaunch()[pri:0, instance:Example@e15b7e8]" started-at="2023-04-04T19:21:05 IST" name="sauceDemoLaunch" finished-at="2023-04-04T19:21:11 IST" duration-ms="5628" status="PASS">
          <reporter-output>
          </reporter-output>
        </test-method> <!-- sauceDemoLaunch -->
        <test-method signature="teslaLaunch()[pri:0, instance:Example@e15b7e8]" started-at="2023-04-04T19:21:05 IST" name="teslaLaunch" finished-at="2023-04-04T19:21:11 IST" duration-ms="5650" status="PASS">
          <reporter-output>
          </reporter-output>
        </test-method> <!-- teslaLaunch -->
      </class> <!-- Example -->
    </test> <!-- My Test suite1 -->
  </suite> <!-- Parrallel Testing -->
</testng-results>
