<?xml version="1.0" encoding="UTF-8"?>
<!-- Generated by org.testng.reporters.JUnitXMLReporter -->
<testsuite ignored="0" hostname="QB-TP3-2221" failures="2" tests="2" name="My Test suite2" time="3.47" errors="0" timestamp="2023-04-04T15:36:19 IST">
  <testcase classname="Example" name="sauceDemoLaunch" time="0.708">
    <failure type="java.lang.NullPointerException">
      <![CDATA[java.lang.NullPointerException
at Example.sauceDemoLaunch(Example.java:47)
at java.base/java.util.ArrayList.forEach(ArrayList.java:1541)
... Removed 27 stack frames]]>
    </failure>
  </testcase> <!-- sauceDemoLaunch -->
  <testcase classname="Example" name="teslaLaunch" time="1.69">
    <failure type="java.lang.NullPointerException">
      <![CDATA[java.lang.NullPointerException
at Example.teslaLaunch(Example.java:56)
at java.base/java.util.ArrayList.forEach(ArrayList.java:1541)
... Removed 27 stack frames]]>
    </failure>
  </testcase> <!-- teslaLaunch -->
</testsuite> <!-- My Test suite2 -->
